{"total": {"lines":{"total":467,"covered":467,"skipped":0,"pct":100},"statements":{"total":467,"covered":467,"skipped":0,"pct":100},"functions":{"total":30,"covered":30,"skipped":0,"pct":100},"branches":{"total":135,"covered":133,"skipped":0,"pct":98.51},"branchesTrue":{"total":0,"covered":0,"skipped":0,"pct":"Unknown"}}
,"/home/runner/work/rentable-/rentable-/packages/ledger-core/src/account.ts": {"lines":{"total":94,"covered":94,"skipped":0,"pct":100},"functions":{"total":4,"covered":4,"skipped":0,"pct":100},"statements":{"total":94,"covered":94,"skipped":0,"pct":100},"branches":{"total":9,"covered":9,"skipped":0,"pct":100}}
,"/home/runner/work/rentable-/rentable-/packages/ledger-core/src/balance-service.ts": {"lines":{"total":71,"covered":71,"skipped":0,"pct":100},"functions":{"total":3,"covered":3,"skipped":0,"pct":100},"statements":{"total":71,"covered":71,"skipped":0,"pct":100},"branches":{"total":31,"covered":29,"skipped":0,"pct":93.54}}
,"/home/runner/work/rentable-/rentable-/packages/ledger-core/src/idempotency.ts": {"lines":{"total":70,"covered":70,"skipped":0,"pct":100},"functions":{"total":6,"covered":6,"skipped":0,"pct":100},"statements":{"total":70,"covered":70,"skipped":0,"pct":100},"branches":{"total":19,"covered":19,"skipped":0,"pct":100}}
,"/home/runner/work/rentable-/rentable-/packages/ledger-core/src/money.ts": {"lines":{"total":42,"covered":42,"skipped":0,"pct":100},"functions":{"total":6,"covered":6,"skipped":0,"pct":100},"statements":{"total":42,"covered":42,"skipped":0,"pct":100},"branches":{"total":21,"covered":21,"skipped":0,"pct":100}}
,"/home/runner/work/rentable-/rentable-/packages/ledger-core/src/posting-engine.ts": {"lines":{"total":100,"covered":100,"skipped":0,"pct":100},"functions":{"total":4,"covered":4,"skipped":0,"pct":100},"statements":{"total":100,"covered":100,"skipped":0,"pct":100},"branches":{"total":31,"covered":31,"skipped":0,"pct":100}}
,"/home/runner/work/rentable-/rentable-/packages/ledger-core/src/repository.ts": {"lines":{"total":32,"covered":32,"skipped":0,"pct":100},"functions":{"total":6,"covered":6,"skipped":0,"pct":100},"statements":{"total":32,"covered":32,"skipped":0,"pct":100},"branches":{"total":10,"covered":10,"skipped":0,"pct":100}}
,"/home/runner/work/rentable-/rentable-/packages/ledger-core/src/reversal-service.ts": {"lines":{"total":58,"covered":58,"skipped":0,"pct":100},"functions":{"total":1,"covered":1,"skipped":0,"pct":100},"statements":{"total":58,"covered":58,"skipped":0,"pct":100},"branches":{"total":14,"covered":14,"skipped":0,"pct":100}}
}
